2020-08-18 19:49:44,292 WARN  [SoapUI] Missing folder [C:\Users\GagandeepPanesar\Desktop\Project\my-app\ext] for external libraries
2020-08-18 19:49:44,569 INFO  [DefaultSoapUICore] initialized soapui-settings from [C:\Users\GagandeepPanesar\soapui-settings.xml]
2020-08-18 19:49:46,016 WARN  [SoapUI] Plugin 'ready-uxm-plugin-os-1.0.3.jar' is not loaded because it hasn't been signed by SmartBear Software.
2020-08-18 19:49:46,674 INFO  [PluginManager] Adding plugin from [C:\Users\GagandeepPanesar\.soapuios\plugins\readyapi-postman-1.0.1.jar]
2020-08-18 19:49:46,675 INFO  [PluginManager] Adding plugin from [C:\Users\GagandeepPanesar\.soapuios\plugins\soapui-swagger-plugin-2.2-dist.jar]
2020-08-18 19:49:48,043 ERROR [SoapUI] An error occurred [com.eviware.soapui.plugins.auto.factories.AutoImportMethodFactory], see error log for details
2020-08-18 19:49:48,047 ERROR [errorlog] java.lang.ClassNotFoundException: com.eviware.soapui.plugins.auto.factories.AutoImportMethodFactory
java.lang.ClassNotFoundException: com.eviware.soapui.plugins.auto.factories.AutoImportMethodFactory
	at org.codehaus.plexus.classworlds.strategy.SelfFirstStrategy.loadClass(SelfFirstStrategy.java:50)
	at org.codehaus.plexus.classworlds.realm.ClassRealm.unsynchronizedLoadClass(ClassRealm.java:271)
	at org.codehaus.plexus.classworlds.realm.ClassRealm.loadClass(ClassRealm.java:247)
	at org.codehaus.plexus.classworlds.realm.ClassRealm.loadClass(ClassRealm.java:239)
	at java.lang.Class.forName0(Native Method)
	at java.lang.Class.forName(Class.java:264)
	at com.eviware.soapui.plugins.LoaderBase.loadAutoFactories(LoaderBase.java:113)
	at com.eviware.soapui.plugins.LoaderBase.loadFactories(LoaderBase.java:80)
	at com.eviware.soapui.plugins.PluginLoader.loadPluginFactories(PluginLoader.java:141)
	at com.eviware.soapui.plugins.PluginLoader.loadPlugin(PluginLoader.java:104)
	at com.eviware.soapui.plugins.PluginLoader.loadPlugin(PluginLoader.java:54)
	at com.eviware.soapui.plugins.PluginManager.doInstallPlugin(PluginManager.java:141)
	at com.eviware.soapui.plugins.PluginManager.access$600(PluginManager.java:43)
	at com.eviware.soapui.plugins.PluginManager$LoadPluginsTask.computeSequentially(PluginManager.java:420)
	at com.eviware.soapui.plugins.PluginManager$LoadPluginsTask.compute(PluginManager.java:377)
	at com.eviware.soapui.plugins.PluginManager$LoadPluginsTask.compute(PluginManager.java:382)
	at com.eviware.soapui.plugins.PluginManager$LoadPluginsTask.compute(PluginManager.java:365)
	at java.util.concurrent.RecursiveTask.exec(RecursiveTask.java:94)
	at java.util.concurrent.ForkJoinTask.doExec(ForkJoinTask.java:289)
	at java.util.concurrent.ForkJoinPool$WorkQueue.runTask(ForkJoinPool.java:1056)
	at java.util.concurrent.ForkJoinPool.runWorker(ForkJoinPool.java:1692)
	at java.util.concurrent.ForkJoinWorkerThread.run(ForkJoinWorkerThread.java:157)
2020-08-18 19:49:48,364 ERROR [SoapUI] An error occurred [com.eviware.soapui.plugins.auto.factories.AutoDiscoveryMethodFactory], see error log for details
2020-08-18 19:49:48,376 ERROR [errorlog] java.lang.ClassNotFoundException: com.eviware.soapui.plugins.auto.factories.AutoDiscoveryMethodFactory
java.lang.ClassNotFoundException: com.eviware.soapui.plugins.auto.factories.AutoDiscoveryMethodFactory
	at org.codehaus.plexus.classworlds.strategy.SelfFirstStrategy.loadClass(SelfFirstStrategy.java:50)
	at org.codehaus.plexus.classworlds.realm.ClassRealm.unsynchronizedLoadClass(ClassRealm.java:271)
	at org.codehaus.plexus.classworlds.realm.ClassRealm.loadClass(ClassRealm.java:247)
	at org.codehaus.plexus.classworlds.realm.ClassRealm.loadClass(ClassRealm.java:239)
	at java.lang.Class.forName0(Native Method)
	at java.lang.Class.forName(Class.java:264)
	at com.eviware.soapui.plugins.LoaderBase.loadAutoFactories(LoaderBase.java:113)
	at com.eviware.soapui.plugins.LoaderBase.loadFactories(LoaderBase.java:80)
	at com.eviware.soapui.plugins.PluginLoader.loadPluginFactories(PluginLoader.java:141)
	at com.eviware.soapui.plugins.PluginLoader.loadPlugin(PluginLoader.java:104)
	at com.eviware.soapui.plugins.PluginLoader.loadPlugin(PluginLoader.java:54)
	at com.eviware.soapui.plugins.PluginManager.doInstallPlugin(PluginManager.java:141)
	at com.eviware.soapui.plugins.PluginManager.access$600(PluginManager.java:43)
	at com.eviware.soapui.plugins.PluginManager$LoadPluginsTask.computeSequentially(PluginManager.java:420)
	at com.eviware.soapui.plugins.PluginManager$LoadPluginsTask.compute(PluginManager.java:377)
	at com.eviware.soapui.plugins.PluginManager$LoadPluginsTask.compute(PluginManager.java:382)
	at com.eviware.soapui.plugins.PluginManager$LoadPluginsTask.compute(PluginManager.java:365)
	at java.util.concurrent.RecursiveTask.exec(RecursiveTask.java:94)
	at java.util.concurrent.ForkJoinTask.doExec(ForkJoinTask.java:289)
	at java.util.concurrent.ForkJoinPool$WorkQueue.runTask(ForkJoinPool.java:1056)
	at java.util.concurrent.ForkJoinPool.runWorker(ForkJoinPool.java:1692)
	at java.util.concurrent.ForkJoinWorkerThread.run(ForkJoinWorkerThread.java:157)
2020-08-18 19:49:48,388 ERROR [SoapUI] An error occurred [com.eviware.soapui.plugins.auto.factories.AutoImportMethodFactory], see error log for details
2020-08-18 19:49:48,390 ERROR [errorlog] java.lang.ClassNotFoundException: com.eviware.soapui.plugins.auto.factories.AutoImportMethodFactory
java.lang.ClassNotFoundException: com.eviware.soapui.plugins.auto.factories.AutoImportMethodFactory
	at org.codehaus.plexus.classworlds.strategy.SelfFirstStrategy.loadClass(SelfFirstStrategy.java:50)
	at org.codehaus.plexus.classworlds.realm.ClassRealm.unsynchronizedLoadClass(ClassRealm.java:271)
	at org.codehaus.plexus.classworlds.realm.ClassRealm.loadClass(ClassRealm.java:247)
	at org.codehaus.plexus.classworlds.realm.ClassRealm.loadClass(ClassRealm.java:239)
	at java.lang.Class.forName0(Native Method)
	at java.lang.Class.forName(Class.java:264)
	at com.eviware.soapui.plugins.LoaderBase.loadAutoFactories(LoaderBase.java:113)
	at com.eviware.soapui.plugins.LoaderBase.loadFactories(LoaderBase.java:80)
	at com.eviware.soapui.plugins.PluginLoader.loadPluginFactories(PluginLoader.java:141)
	at com.eviware.soapui.plugins.PluginLoader.loadPlugin(PluginLoader.java:104)
	at com.eviware.soapui.plugins.PluginLoader.loadPlugin(PluginLoader.java:54)
	at com.eviware.soapui.plugins.PluginManager.doInstallPlugin(PluginManager.java:141)
	at com.eviware.soapui.plugins.PluginManager.access$600(PluginManager.java:43)
	at com.eviware.soapui.plugins.PluginManager$LoadPluginsTask.computeSequentially(PluginManager.java:420)
	at com.eviware.soapui.plugins.PluginManager$LoadPluginsTask.compute(PluginManager.java:377)
	at com.eviware.soapui.plugins.PluginManager$LoadPluginsTask.compute(PluginManager.java:365)
	at java.util.concurrent.RecursiveTask.exec(RecursiveTask.java:94)
	at java.util.concurrent.ForkJoinTask.doExec(ForkJoinTask.java:289)
	at java.util.concurrent.ForkJoinPool$WorkQueue.runTask(ForkJoinPool.java:1056)
	at java.util.concurrent.ForkJoinPool.runWorker(ForkJoinPool.java:1692)
	at java.util.concurrent.ForkJoinWorkerThread.run(ForkJoinWorkerThread.java:157)
2020-08-18 19:49:48,693 INFO  [PluginManager] Adding plugin from [C:\Users\GagandeepPanesar\.soapuios\plugins\ready-mqtt-plugin-dist.jar]
2020-08-18 19:49:48,965 ERROR [SoapUI] An error occurred [com.eviware.soapui.plugins.auto.factories.AutoDiscoveryMethodFactory], see error log for details
2020-08-18 19:49:48,965 ERROR [errorlog] java.lang.ClassNotFoundException: com.eviware.soapui.plugins.auto.factories.AutoDiscoveryMethodFactory
java.lang.ClassNotFoundException: com.eviware.soapui.plugins.auto.factories.AutoDiscoveryMethodFactory
	at org.codehaus.plexus.classworlds.strategy.SelfFirstStrategy.loadClass(SelfFirstStrategy.java:50)
	at org.codehaus.plexus.classworlds.realm.ClassRealm.unsynchronizedLoadClass(ClassRealm.java:271)
	at org.codehaus.plexus.classworlds.realm.ClassRealm.loadClass(ClassRealm.java:247)
	at org.codehaus.plexus.classworlds.realm.ClassRealm.loadClass(ClassRealm.java:239)
	at java.lang.Class.forName0(Native Method)
	at java.lang.Class.forName(Class.java:264)
	at com.eviware.soapui.plugins.LoaderBase.loadAutoFactories(LoaderBase.java:113)
	at com.eviware.soapui.plugins.LoaderBase.loadFactories(LoaderBase.java:80)
	at com.eviware.soapui.plugins.PluginLoader.loadPluginFactories(PluginLoader.java:141)
	at com.eviware.soapui.plugins.PluginLoader.loadPlugin(PluginLoader.java:104)
	at com.eviware.soapui.plugins.PluginLoader.loadPlugin(PluginLoader.java:54)
	at com.eviware.soapui.plugins.PluginManager.doInstallPlugin(PluginManager.java:141)
	at com.eviware.soapui.plugins.PluginManager.access$600(PluginManager.java:43)
	at com.eviware.soapui.plugins.PluginManager$LoadPluginsTask.computeSequentially(PluginManager.java:420)
	at com.eviware.soapui.plugins.PluginManager$LoadPluginsTask.compute(PluginManager.java:377)
	at com.eviware.soapui.plugins.PluginManager$LoadPluginsTask.compute(PluginManager.java:365)
	at java.util.concurrent.RecursiveTask.exec(RecursiveTask.java:94)
	at java.util.concurrent.ForkJoinTask.doExec(ForkJoinTask.java:289)
	at java.util.concurrent.ForkJoinPool$WorkQueue.runTask(ForkJoinPool.java:1056)
	at java.util.concurrent.ForkJoinPool.runWorker(ForkJoinPool.java:1692)
	at java.util.concurrent.ForkJoinWorkerThread.run(ForkJoinWorkerThread.java:157)
2020-08-18 19:49:49,446 ERROR [SoapUI] An error occurred [com.eviware.soapui.plugins.auto.factories.AutoImportMethodFactory], see error log for details
2020-08-18 19:49:49,446 ERROR [errorlog] java.lang.ClassNotFoundException: com.eviware.soapui.plugins.auto.factories.AutoImportMethodFactory
java.lang.ClassNotFoundException: com.eviware.soapui.plugins.auto.factories.AutoImportMethodFactory
	at org.codehaus.plexus.classworlds.strategy.SelfFirstStrategy.loadClass(SelfFirstStrategy.java:50)
	at org.codehaus.plexus.classworlds.realm.ClassRealm.unsynchronizedLoadClass(ClassRealm.java:271)
	at org.codehaus.plexus.classworlds.realm.ClassRealm.loadClass(ClassRealm.java:247)
	at org.codehaus.plexus.classworlds.realm.ClassRealm.loadClass(ClassRealm.java:239)
	at java.lang.Class.forName0(Native Method)
	at java.lang.Class.forName(Class.java:264)
	at com.eviware.soapui.plugins.LoaderBase.loadAutoFactories(LoaderBase.java:113)
	at com.eviware.soapui.plugins.LoaderBase.loadFactories(LoaderBase.java:80)
	at com.eviware.soapui.plugins.PluginLoader.loadPluginFactories(PluginLoader.java:141)
	at com.eviware.soapui.plugins.PluginLoader.loadPlugin(PluginLoader.java:104)
	at com.eviware.soapui.plugins.PluginLoader.loadPlugin(PluginLoader.java:54)
	at com.eviware.soapui.plugins.PluginManager.doInstallPlugin(PluginManager.java:141)
	at com.eviware.soapui.plugins.PluginManager.access$600(PluginManager.java:43)
	at com.eviware.soapui.plugins.PluginManager$LoadPluginsTask.computeSequentially(PluginManager.java:420)
	at com.eviware.soapui.plugins.PluginManager$LoadPluginsTask.compute(PluginManager.java:377)
	at com.eviware.soapui.plugins.PluginManager$LoadPluginsTask.compute(PluginManager.java:382)
	at com.eviware.soapui.plugins.PluginManager$LoadPluginsTask.compute(PluginManager.java:365)
	at java.util.concurrent.RecursiveTask.exec(RecursiveTask.java:94)
	at java.util.concurrent.ForkJoinTask.doExec(ForkJoinTask.java:289)
	at java.util.concurrent.ForkJoinPool$WorkQueue.runTask(ForkJoinPool.java:1056)
	at java.util.concurrent.ForkJoinPool.runWorker(ForkJoinPool.java:1692)
	at java.util.concurrent.ForkJoinWorkerThread.run(ForkJoinWorkerThread.java:157)
2020-08-18 19:49:49,802 ERROR [SoapUI] An error occurred [com.eviware.soapui.plugins.auto.factories.AutoDiscoveryMethodFactory], see error log for details
2020-08-18 19:49:49,803 ERROR [errorlog] java.lang.ClassNotFoundException: com.eviware.soapui.plugins.auto.factories.AutoDiscoveryMethodFactory
java.lang.ClassNotFoundException: com.eviware.soapui.plugins.auto.factories.AutoDiscoveryMethodFactory
	at org.codehaus.plexus.classworlds.strategy.SelfFirstStrategy.loadClass(SelfFirstStrategy.java:50)
	at org.codehaus.plexus.classworlds.realm.ClassRealm.unsynchronizedLoadClass(ClassRealm.java:271)
	at org.codehaus.plexus.classworlds.realm.ClassRealm.loadClass(ClassRealm.java:247)
	at org.codehaus.plexus.classworlds.realm.ClassRealm.loadClass(ClassRealm.java:239)
	at java.lang.Class.forName0(Native Method)
	at java.lang.Class.forName(Class.java:264)
	at com.eviware.soapui.plugins.LoaderBase.loadAutoFactories(LoaderBase.java:113)
	at com.eviware.soapui.plugins.LoaderBase.loadFactories(LoaderBase.java:80)
	at com.eviware.soapui.plugins.PluginLoader.loadPluginFactories(PluginLoader.java:141)
	at com.eviware.soapui.plugins.PluginLoader.loadPlugin(PluginLoader.java:104)
	at com.eviware.soapui.plugins.PluginLoader.loadPlugin(PluginLoader.java:54)
	at com.eviware.soapui.plugins.PluginManager.doInstallPlugin(PluginManager.java:141)
	at com.eviware.soapui.plugins.PluginManager.access$600(PluginManager.java:43)
	at com.eviware.soapui.plugins.PluginManager$LoadPluginsTask.computeSequentially(PluginManager.java:420)
	at com.eviware.soapui.plugins.PluginManager$LoadPluginsTask.compute(PluginManager.java:377)
	at com.eviware.soapui.plugins.PluginManager$LoadPluginsTask.compute(PluginManager.java:382)
	at com.eviware.soapui.plugins.PluginManager$LoadPluginsTask.compute(PluginManager.java:365)
	at java.util.concurrent.RecursiveTask.exec(RecursiveTask.java:94)
	at java.util.concurrent.ForkJoinTask.doExec(ForkJoinTask.java:289)
	at java.util.concurrent.ForkJoinPool$WorkQueue.runTask(ForkJoinPool.java:1056)
	at java.util.concurrent.ForkJoinPool.runWorker(ForkJoinPool.java:1692)
	at java.util.concurrent.ForkJoinWorkerThread.run(ForkJoinWorkerThread.java:157)
2020-08-18 19:49:50,343 INFO  [PluginManager] Adding plugin from [C:\Users\GagandeepPanesar\.soapuios\plugins\readyapi-swaggerhub-plugin-1.0.jar]
2020-08-18 19:49:50,750 ERROR [SoapUI] An error occurred [com.eviware.soapui.plugins.auto.factories.AutoImportMethodFactory], see error log for details
2020-08-18 19:49:50,750 ERROR [errorlog] java.lang.ClassNotFoundException: com.eviware.soapui.plugins.auto.factories.AutoImportMethodFactory
java.lang.ClassNotFoundException: com.eviware.soapui.plugins.auto.factories.AutoImportMethodFactory
	at org.codehaus.plexus.classworlds.strategy.SelfFirstStrategy.loadClass(SelfFirstStrategy.java:50)
	at org.codehaus.plexus.classworlds.realm.ClassRealm.unsynchronizedLoadClass(ClassRealm.java:271)
	at org.codehaus.plexus.classworlds.realm.ClassRealm.loadClass(ClassRealm.java:247)
	at org.codehaus.plexus.classworlds.realm.ClassRealm.loadClass(ClassRealm.java:239)
	at java.lang.Class.forName0(Native Method)
	at java.lang.Class.forName(Class.java:264)
	at com.eviware.soapui.plugins.LoaderBase.loadAutoFactories(LoaderBase.java:113)
	at com.eviware.soapui.plugins.LoaderBase.loadFactories(LoaderBase.java:80)
	at com.eviware.soapui.plugins.PluginLoader.loadPluginFactories(PluginLoader.java:141)
	at com.eviware.soapui.plugins.PluginLoader.loadPlugin(PluginLoader.java:104)
	at com.eviware.soapui.plugins.PluginLoader.loadPlugin(PluginLoader.java:54)
	at com.eviware.soapui.plugins.PluginManager.doInstallPlugin(PluginManager.java:141)
	at com.eviware.soapui.plugins.PluginManager.access$600(PluginManager.java:43)
	at com.eviware.soapui.plugins.PluginManager$LoadPluginsTask.computeSequentially(PluginManager.java:420)
	at com.eviware.soapui.plugins.PluginManager$LoadPluginsTask.compute(PluginManager.java:377)
	at com.eviware.soapui.plugins.PluginManager$LoadPluginsTask.compute(PluginManager.java:382)
	at com.eviware.soapui.plugins.PluginManager$LoadPluginsTask.compute(PluginManager.java:365)
	at java.util.concurrent.RecursiveTask.exec(RecursiveTask.java:94)
	at java.util.concurrent.ForkJoinTask.doExec(ForkJoinTask.java:289)
	at java.util.concurrent.ForkJoinPool$WorkQueue.runTask(ForkJoinPool.java:1056)
	at java.util.concurrent.ForkJoinPool.runWorker(ForkJoinPool.java:1692)
	at java.util.concurrent.ForkJoinWorkerThread.run(ForkJoinWorkerThread.java:157)
2020-08-18 19:49:50,997 ERROR [SoapUI] An error occurred [com.eviware.soapui.plugins.auto.factories.AutoDiscoveryMethodFactory], see error log for details
2020-08-18 19:49:51,000 ERROR [errorlog] java.lang.ClassNotFoundException: com.eviware.soapui.plugins.auto.factories.AutoDiscoveryMethodFactory
java.lang.ClassNotFoundException: com.eviware.soapui.plugins.auto.factories.AutoDiscoveryMethodFactory
	at org.codehaus.plexus.classworlds.strategy.SelfFirstStrategy.loadClass(SelfFirstStrategy.java:50)
	at org.codehaus.plexus.classworlds.realm.ClassRealm.unsynchronizedLoadClass(ClassRealm.java:271)
	at org.codehaus.plexus.classworlds.realm.ClassRealm.loadClass(ClassRealm.java:247)
	at org.codehaus.plexus.classworlds.realm.ClassRealm.loadClass(ClassRealm.java:239)
	at java.lang.Class.forName0(Native Method)
	at java.lang.Class.forName(Class.java:264)
	at com.eviware.soapui.plugins.LoaderBase.loadAutoFactories(LoaderBase.java:113)
	at com.eviware.soapui.plugins.LoaderBase.loadFactories(LoaderBase.java:80)
	at com.eviware.soapui.plugins.PluginLoader.loadPluginFactories(PluginLoader.java:141)
	at com.eviware.soapui.plugins.PluginLoader.loadPlugin(PluginLoader.java:104)
	at com.eviware.soapui.plugins.PluginLoader.loadPlugin(PluginLoader.java:54)
	at com.eviware.soapui.plugins.PluginManager.doInstallPlugin(PluginManager.java:141)
	at com.eviware.soapui.plugins.PluginManager.access$600(PluginManager.java:43)
	at com.eviware.soapui.plugins.PluginManager$LoadPluginsTask.computeSequentially(PluginManager.java:420)
	at com.eviware.soapui.plugins.PluginManager$LoadPluginsTask.compute(PluginManager.java:377)
	at com.eviware.soapui.plugins.PluginManager$LoadPluginsTask.compute(PluginManager.java:382)
	at com.eviware.soapui.plugins.PluginManager$LoadPluginsTask.compute(PluginManager.java:365)
	at java.util.concurrent.RecursiveTask.exec(RecursiveTask.java:94)
	at java.util.concurrent.ForkJoinTask.doExec(ForkJoinTask.java:289)
	at java.util.concurrent.ForkJoinPool$WorkQueue.runTask(ForkJoinPool.java:1056)
	at java.util.concurrent.ForkJoinPool.runWorker(ForkJoinPool.java:1692)
	at java.util.concurrent.ForkJoinWorkerThread.run(ForkJoinWorkerThread.java:157)
2020-08-18 19:49:51,339 INFO  [PluginManager] 4 plugins loaded in 4668 ms
2020-08-18 19:49:51,340 INFO  [DefaultSoapUICore] All plugins loaded
2020-08-18 19:49:52,849 INFO  [WsdlProject] Loaded project from [file:/C:/Users/GagandeepPanesar/Desktop/Project/my-app/SoapUI-E2E-Project-soapui-project.xml]
2020-08-18 19:49:52,857 INFO  [SoapUITestCaseRunner] Running SoapUI tests in project [SoapUI E2E Project]
2020-08-18 19:49:52,868 INFO  [SoapUITestCaseRunner] Running Project [SoapUI E2E Project], runType = SEQUENTIAL
2020-08-18 19:49:52,916 INFO  [SoapUITestCaseRunner] Running SoapUI testcase [Verify E2E functionality]
2020-08-18 19:49:52,930 INFO  [SoapUITestCaseRunner] running step [Properties]
2020-08-18 19:49:52,998 INFO  [SoapUITestCaseRunner] running step [TC_007_GetProductTypes]
2020-08-18 19:49:55,616 INFO  [SchemaUtils] Added default schema from file:/C:/Users/GagandeepPanesar/.m2/repository/com/smartbear/soapui/soapui/5.5.0/soapui-5.5.0.jar!/com/eviware/soapui/resources/xsds/xop.xsd with targetNamespace http://www.w3.org/2004/08/xop/include
2020-08-18 19:49:55,659 INFO  [SchemaUtils] Added default schema from file:/C:/Users/GagandeepPanesar/.m2/repository/com/smartbear/soapui/soapui/5.5.0/soapui-5.5.0.jar!/com/eviware/soapui/resources/xsds/XMLSchema.xsd with targetNamespace http://www.w3.org/2001/XMLSchema
2020-08-18 19:49:55,664 INFO  [SchemaUtils] Added default schema from file:/C:/Users/GagandeepPanesar/.m2/repository/com/smartbear/soapui/soapui/5.5.0/soapui-5.5.0.jar!/com/eviware/soapui/resources/xsds/xml.xsd with targetNamespace http://www.w3.org/XML/1998/namespace
2020-08-18 19:49:55,674 INFO  [SchemaUtils] Added default schema from file:/C:/Users/GagandeepPanesar/.m2/repository/com/smartbear/soapui/soapui/5.5.0/soapui-5.5.0.jar!/com/eviware/soapui/resources/xsds/swaref.xsd with targetNamespace http://ws-i.org/profiles/basic/1.1/xsd
2020-08-18 19:49:55,688 INFO  [SchemaUtils] Added default schema from file:/C:/Users/GagandeepPanesar/.m2/repository/com/smartbear/soapui/soapui/5.5.0/soapui-5.5.0.jar!/com/eviware/soapui/resources/xsds/xmime200505.xsd with targetNamespace http://www.w3.org/2005/05/xmlmime
2020-08-18 19:49:55,695 INFO  [SchemaUtils] Added default schema from file:/C:/Users/GagandeepPanesar/.m2/repository/com/smartbear/soapui/soapui/5.5.0/soapui-5.5.0.jar!/com/eviware/soapui/resources/xsds/xmime200411.xsd with targetNamespace http://www.w3.org/2004/11/xmlmime
2020-08-18 19:49:55,709 INFO  [SchemaUtils] Added default schema from file:/C:/Users/GagandeepPanesar/.m2/repository/com/smartbear/soapui/soapui/5.5.0/soapui-5.5.0.jar!/com/eviware/soapui/resources/xsds/soapEnvelope.xsd with targetNamespace http://schemas.xmlsoap.org/soap/envelope/
2020-08-18 19:49:55,733 INFO  [SchemaUtils] Added default schema from file:/C:/Users/GagandeepPanesar/.m2/repository/com/smartbear/soapui/soapui/5.5.0/soapui-5.5.0.jar!/com/eviware/soapui/resources/xsds/soapEncoding.xsd with targetNamespace http://schemas.xmlsoap.org/soap/encoding/
2020-08-18 19:49:55,771 INFO  [SchemaUtils] Added default schema from file:/C:/Users/GagandeepPanesar/.m2/repository/com/smartbear/soapui/soapui/5.5.0/soapui-5.5.0.jar!/com/eviware/soapui/resources/xsds/soapEnvelope12.xsd with targetNamespace http://www.w3.org/2003/05/soap-envelope
2020-08-18 19:49:55,777 INFO  [SchemaUtils] Added default schema from file:/C:/Users/GagandeepPanesar/.m2/repository/com/smartbear/soapui/soapui/5.5.0/soapui-5.5.0.jar!/com/eviware/soapui/resources/xsds/soapEncoding12.xsd with targetNamespace http://www.w3.org/2003/05/soap-encoding
2020-08-18 19:49:55,789 INFO  [SchemaUtils] Loading schema types from [file:/C:/Users/GagandeepPanesar/Downloads/Soap_UI/Project/SOAP%20API%20WSDL%20EndPoints/SOAP%20API%20WSDL%20EndPoints/catalogProductTypeListV1.xml]
2020-08-18 19:49:55,789 INFO  [SchemaUtils] Getting schema file:/C:/Users/GagandeepPanesar/Downloads/Soap_UI/Project/SOAP%20API%20WSDL%20EndPoints/SOAP%20API%20WSDL%20EndPoints/catalogProductTypeListV1.xml
2020-08-18 19:49:56,084 INFO  [SoapUITestCaseRunner] Assertion [SOAP Response] has status VALID
2020-08-18 19:49:56,089 INFO  [SoapUITestCaseRunner] Assertion [Schema Compliance] has status VALID
2020-08-18 19:49:56,090 INFO  [SoapUITestCaseRunner] running step [TC_008_SaveRequest]
2020-08-18 19:50:15,508 INFO  [SchemaUtils] Loading schema types from [file:/C:/Users/GagandeepPanesar/Downloads/Soap_UI/Project/SOAP%20API%20WSDL%20EndPoints/SOAP%20API%20WSDL%20EndPoints/catalogProductRepositoryV1.xml]
2020-08-18 19:50:15,510 INFO  [SchemaUtils] Getting schema file:/C:/Users/GagandeepPanesar/Downloads/Soap_UI/Project/SOAP%20API%20WSDL%20EndPoints/SOAP%20API%20WSDL%20EndPoints/catalogProductRepositoryV1.xml
2020-08-18 19:50:15,687 INFO  [SoapUITestCaseRunner] Assertion [SOAP Response] has status VALID
2020-08-18 19:50:15,688 INFO  [SoapUITestCaseRunner] Assertion [Schema Compliance] has status VALID
2020-08-18 19:50:15,690 INFO  [SoapUITestCaseRunner] Assertion [Valid HTTP Status Codes] has status VALID
2020-08-18 19:50:15,691 INFO  [SoapUITestCaseRunner] running step [Conditional Goto]
2020-08-18 19:50:15,930 INFO  [SoapUITestCaseRunner] running step [Property Transfer]
2020-08-18 19:50:15,958 INFO  [SoapUITestCaseRunner] running step [TC_010_Get]
2020-08-18 19:50:16,916 INFO  [SoapUITestCaseRunner] Assertion [SOAP Response] has status VALID
2020-08-18 19:50:16,925 INFO  [SoapUITestCaseRunner] Assertion [Schema Compliance] has status VALID
2020-08-18 19:50:16,927 INFO  [SoapUITestCaseRunner] running step [TC_011_DeleteById]
2020-08-18 19:50:19,640 INFO  [SoapUITestCaseRunner] Assertion [SOAP Response] has status VALID
2020-08-18 19:50:19,640 INFO  [SoapUITestCaseRunner] Assertion [Schema Compliance] has status VALID
2020-08-18 19:50:19,644 INFO  [SoapUITestCaseRunner] Assertion [Script Assertion] has status VALID
2020-08-18 19:50:19,659 INFO  [SoapUITestCaseRunner] Finished running SoapUI testcase [Verify E2E functionality], time taken: 26648ms, status: FINISHED
2020-08-18 19:50:19,665 INFO  [SoapUITestCaseRunner] Running SoapUI testcase [Use Data Driven]
2020-08-18 19:50:19,667 INFO  [SoapUITestCaseRunner] running step [Groovy Script]
2020-08-18 19:50:20,271 INFO  [SoapUITestCaseRunner] Running SoapUI testcase [Verify E2E functionality]
2020-08-18 19:50:20,272 INFO  [SoapUITestCaseRunner] running step [Properties]
2020-08-18 19:50:20,274 INFO  [SoapUITestCaseRunner] running step [TC_007_GetProductTypes]
2020-08-18 19:50:21,102 INFO  [SoapUITestCaseRunner] Assertion [SOAP Response] has status VALID
2020-08-18 19:50:21,104 INFO  [SoapUITestCaseRunner] Assertion [Schema Compliance] has status VALID
2020-08-18 19:50:21,123 INFO  [SoapUITestCaseRunner] running step [TC_008_SaveRequest]
2020-08-18 19:50:22,728 INFO  [SoapUITestCaseRunner] Assertion [SOAP Response] has status VALID
2020-08-18 19:50:22,746 INFO  [SoapUITestCaseRunner] Assertion [Schema Compliance] has status VALID
2020-08-18 19:50:22,749 INFO  [SoapUITestCaseRunner] Assertion [Valid HTTP Status Codes] has status VALID
2020-08-18 19:50:22,751 INFO  [SoapUITestCaseRunner] running step [Conditional Goto]
2020-08-18 19:50:22,767 INFO  [SoapUITestCaseRunner] running step [Property Transfer]
2020-08-18 19:50:22,784 INFO  [SoapUITestCaseRunner] running step [TC_010_Get]
2020-08-18 19:50:23,744 INFO  [SoapUITestCaseRunner] Assertion [SOAP Response] has status VALID
2020-08-18 19:50:23,747 INFO  [SoapUITestCaseRunner] Assertion [Schema Compliance] has status VALID
2020-08-18 19:50:23,760 INFO  [SoapUITestCaseRunner] running step [TC_011_DeleteById]
2020-08-18 19:50:24,962 INFO  [SoapUITestCaseRunner] Assertion [SOAP Response] has status VALID
2020-08-18 19:50:24,964 INFO  [SoapUITestCaseRunner] Assertion [Schema Compliance] has status VALID
2020-08-18 19:50:24,980 INFO  [SoapUITestCaseRunner] Assertion [Script Assertion] has status VALID
2020-08-18 19:50:24,995 INFO  [SoapUITestCaseRunner] Finished running SoapUI testcase [Verify E2E functionality], time taken: 4584ms, status: FINISHED
2020-08-18 19:50:24,999 INFO  [SoapUITestCaseRunner] Running SoapUI testcase [Verify E2E functionality]
2020-08-18 19:50:25,009 INFO  [SoapUITestCaseRunner] running step [Properties]
2020-08-18 19:50:25,017 INFO  [SoapUITestCaseRunner] running step [TC_007_GetProductTypes]
2020-08-18 19:50:25,758 INFO  [SoapUITestCaseRunner] Assertion [SOAP Response] has status VALID
2020-08-18 19:50:25,759 INFO  [SoapUITestCaseRunner] Assertion [Schema Compliance] has status VALID
2020-08-18 19:50:25,761 INFO  [SoapUITestCaseRunner] running step [TC_008_SaveRequest]
2020-08-18 19:50:27,114 INFO  [SoapUITestCaseRunner] Assertion [SOAP Response] has status VALID
2020-08-18 19:50:27,134 INFO  [SoapUITestCaseRunner] Assertion [Schema Compliance] has status VALID
2020-08-18 19:50:27,141 INFO  [SoapUITestCaseRunner] Assertion [Valid HTTP Status Codes] has status VALID
2020-08-18 19:50:27,149 INFO  [SoapUITestCaseRunner] running step [Conditional Goto]
2020-08-18 19:50:27,170 INFO  [SoapUITestCaseRunner] running step [Property Transfer]
2020-08-18 19:50:27,182 INFO  [SoapUITestCaseRunner] running step [TC_010_Get]
2020-08-18 19:50:28,137 INFO  [SoapUITestCaseRunner] Assertion [SOAP Response] has status VALID
2020-08-18 19:50:28,167 INFO  [SoapUITestCaseRunner] Assertion [Schema Compliance] has status VALID
2020-08-18 19:50:28,176 INFO  [SoapUITestCaseRunner] running step [TC_011_DeleteById]
2020-08-18 19:50:29,264 INFO  [SoapUITestCaseRunner] Assertion [SOAP Response] has status VALID
2020-08-18 19:50:29,267 INFO  [SoapUITestCaseRunner] Assertion [Schema Compliance] has status VALID
2020-08-18 19:50:29,277 INFO  [SoapUITestCaseRunner] Assertion [Script Assertion] has status VALID
2020-08-18 19:50:29,287 INFO  [SoapUITestCaseRunner] Finished running SoapUI testcase [Verify E2E functionality], time taken: 4129ms, status: FINISHED
2020-08-18 19:50:29,297 INFO  [SoapUITestCaseRunner] Finished running SoapUI testcase [Use Data Driven], time taken: 9625ms, status: FINISHED
2020-08-18 19:50:29,311 INFO  [SoapUITestCaseRunner] Running SoapUI testcase [Use JDBC]
2020-08-18 19:50:29,319 INFO  [SoapUITestCaseRunner] running step [JDBCRequest]
2020-08-18 19:50:29,951 INFO  [SoapUITestCaseRunner] running step [Groovy Script]
2020-08-18 19:50:30,003 INFO  [SoapUITestCaseRunner] Running SoapUI testcase [Verify E2E functionality]
2020-08-18 19:50:30,007 INFO  [SoapUITestCaseRunner] running step [Properties]
2020-08-18 19:50:30,009 INFO  [SoapUITestCaseRunner] running step [TC_007_GetProductTypes]
2020-08-18 19:50:30,690 INFO  [SoapUITestCaseRunner] Assertion [SOAP Response] has status VALID
2020-08-18 19:50:30,697 INFO  [SoapUITestCaseRunner] Assertion [Schema Compliance] has status VALID
2020-08-18 19:50:30,712 INFO  [SoapUITestCaseRunner] running step [TC_008_SaveRequest]
2020-08-18 19:50:32,023 INFO  [SoapUITestCaseRunner] Assertion [SOAP Response] has status VALID
2020-08-18 19:50:32,029 INFO  [SoapUITestCaseRunner] Assertion [Schema Compliance] has status VALID
2020-08-18 19:50:32,042 INFO  [SoapUITestCaseRunner] Assertion [Valid HTTP Status Codes] has status VALID
2020-08-18 19:50:32,045 INFO  [SoapUITestCaseRunner] running step [Conditional Goto]
2020-08-18 19:50:32,064 INFO  [SoapUITestCaseRunner] running step [Property Transfer]
2020-08-18 19:50:32,080 INFO  [SoapUITestCaseRunner] running step [TC_010_Get]
2020-08-18 19:50:33,042 INFO  [SoapUITestCaseRunner] Assertion [SOAP Response] has status VALID
2020-08-18 19:50:33,044 INFO  [SoapUITestCaseRunner] Assertion [Schema Compliance] has status VALID
2020-08-18 19:50:33,050 INFO  [SoapUITestCaseRunner] running step [TC_011_DeleteById]
2020-08-18 19:50:34,077 INFO  [SoapUITestCaseRunner] Assertion [SOAP Response] has status VALID
2020-08-18 19:50:34,078 INFO  [SoapUITestCaseRunner] Assertion [Schema Compliance] has status VALID
2020-08-18 19:50:34,085 INFO  [SoapUITestCaseRunner] Assertion [Script Assertion] has status VALID
2020-08-18 19:50:34,096 INFO  [SoapUITestCaseRunner] Finished running SoapUI testcase [Verify E2E functionality], time taken: 3987ms, status: FINISHED
2020-08-18 19:50:34,106 INFO  [SoapUITestCaseRunner] Finished running SoapUI testcase [Use JDBC], time taken: 4775ms, status: FINISHED
2020-08-18 19:50:34,125 INFO  [SoapUITestCaseRunner] Running SoapUI testcase [System Testing]
2020-08-18 19:50:34,126 INFO  [SoapUITestCaseRunner] running step [Groovy Script]
2020-08-18 19:50:34,201 INFO  [SoapUITestCaseRunner] Running SoapUI testcase [Verify E2E functionality]
2020-08-18 19:50:34,204 INFO  [SoapUITestCaseRunner] running step [Properties]
2020-08-18 19:50:34,207 INFO  [SoapUITestCaseRunner] running step [TC_007_GetProductTypes]
2020-08-18 19:50:34,890 INFO  [SoapUITestCaseRunner] Assertion [SOAP Response] has status VALID
2020-08-18 19:50:34,891 INFO  [SoapUITestCaseRunner] Assertion [Schema Compliance] has status VALID
2020-08-18 19:50:34,904 INFO  [SoapUITestCaseRunner] running step [TC_008_SaveRequest]
2020-08-18 19:50:36,102 INFO  [SoapUITestCaseRunner] Assertion [SOAP Response] has status VALID
2020-08-18 19:50:36,103 INFO  [SoapUITestCaseRunner] Assertion [Schema Compliance] has status VALID
2020-08-18 19:50:36,106 INFO  [SoapUITestCaseRunner] Assertion [Valid HTTP Status Codes] has status VALID
2020-08-18 19:50:36,120 INFO  [SoapUITestCaseRunner] running step [Conditional Goto]
2020-08-18 19:50:36,138 INFO  [SoapUITestCaseRunner] running step [Property Transfer]
2020-08-18 19:50:36,158 INFO  [SoapUITestCaseRunner] running step [TC_010_Get]
2020-08-18 19:50:37,138 INFO  [SoapUITestCaseRunner] Assertion [SOAP Response] has status VALID
2020-08-18 19:50:37,140 INFO  [SoapUITestCaseRunner] Assertion [Schema Compliance] has status VALID
2020-08-18 19:50:37,145 INFO  [SoapUITestCaseRunner] running step [TC_011_DeleteById]
2020-08-18 19:50:38,261 INFO  [SoapUITestCaseRunner] Assertion [SOAP Response] has status VALID
2020-08-18 19:50:38,268 INFO  [SoapUITestCaseRunner] Assertion [Schema Compliance] has status VALID
2020-08-18 19:50:38,281 INFO  [SoapUITestCaseRunner] Assertion [Script Assertion] has status VALID
2020-08-18 19:50:38,290 INFO  [SoapUITestCaseRunner] Finished running SoapUI testcase [Verify E2E functionality], time taken: 3974ms, status: FINISHED
2020-08-18 19:50:38,327 INFO  [log] Status: FINISHED, time taken for TestCase was: 3974 ms
2020-08-18 19:50:38,343 INFO  [log] Number of test steps which ran: 7
2020-08-18 19:50:38,349 INFO  [SoapUITestCaseRunner] Finished running SoapUI testcase [System Testing], time taken: 4219ms, status: FINISHED
2020-08-18 19:50:38,351 INFO  [SoapUITestCaseRunner] Project [SoapUI E2E Project] finished with status [FINISHED] in 45473ms
2020-08-18 19:50:42,225 WARN  [Tools] Could not delete temporary directory C:\Users\GAGAND~1\AppData\Local\Temp\df04aac7-d4cf-452e-96c1-df2b29b11947
2020-08-18 19:50:42,231 WARN  [Tools] Could not delete temporary directory C:\Users\GAGAND~1\AppData\Local\Temp\53052da9-1b14-45b3-b597-dd64a75b206e
